<?xml version="1.0" encoding="UTF-8"?>
<!-- Generated by org.testng.reporters.JUnitReportReporter -->
<testsuite hostname="LAPTOP-KMP5RC6K" failures="0" tests="5" name="Mpractice.TestNgEx1" time="0.008" errors="0" timestamp="2025-02-26T23:54:27 IST" skipped="1">
  <testcase classname="Mpractice.TestNgEx1" name="modifyContact" time="0.003"/>
  <testcase classname="Mpractice.TestNgEx1" name="modifyContact" time="0.002"/>
  <testcase classname="Mpractice.TestNgEx1" name="modifyContact" time="0.002"/>
  <testcase classname="Mpractice.TestNgEx1" name="createContact" time="0.001"/>
  <testcase classname="Mpractice.TestNgEx1" name="deleteContact">
    <skipped/>
  </testcase> <!-- deleteContact -->
</testsuite> <!-- Mpractice.TestNgEx1 -->
