<?xml version="1.0" encoding="UTF-8"?>
<!-- Generated by org.testng.reporters.JUnitReportReporter -->
<testsuite hostname="LAPTOP-KMP5RC6K" failures="0" tests="1" name="GenericOptimised.CampaignsModuleTest" time="23.581" errors="0" timestamp="2025-09-18T10:11:43 IST" skipped="0">
  <testcase classname="GenericOptimised.CampaignsModuleTest" name="campaignsModuleTest" time="23.581"/>
</testsuite> <!-- GenericOptimised.CampaignsModuleTest -->
