<?xml version="1.0" encoding="UTF-8"?>
<!-- Generated by org.testng.reporters.JUnitReportReporter -->
<testsuite hostname="LAPTOP-KMP5RC6K" failures="0" tests="3" name="Mpractice.TestNg" time="0.012" errors="0" timestamp="2025-02-26T23:54:27 IST" skipped="1">
  <testcase classname="Mpractice.TestNg" name="createContact" time="0.011"/>
  <testcase classname="Mpractice.TestNg" name="modifyContact" time="0.001"/>
  <testcase classname="Mpractice.TestNg" name="deleteContact">
    <skipped/>
  </testcase> <!-- deleteContact -->
</testsuite> <!-- Mpractice.TestNg -->
