<?xml version="1.0" encoding="UTF-8"?>
<!-- Generated by org.testng.reporters.JUnitReportReporter -->
<testsuite hostname="LAPTOP-KMP5RC6K" failures="0" tests="3" name="Mpractice.DataProviderEx1" time="40.333" errors="0" timestamp="2023-06-29T09:59:43 IST" skipped="0">
  <testcase classname="Mpractice.DataProviderEx1" name="m1" time="13.137"/>
  <testcase classname="Mpractice.DataProviderEx1" name="m1" time="14.097"/>
  <testcase classname="Mpractice.DataProviderEx1" name="m1" time="13.099"/>
</testsuite> <!-- Mpractice.DataProviderEx1 -->
