<?xml version="1.0" encoding="UTF-8"?>
<!-- Generated by org.testng.reporters.JUnitReportReporter -->
<testsuite hostname="LAPTOP-KMP5RC6K" failures="0" tests="1" name="GenericOptimised.CreateProductModuleTest" time="33.275" errors="0" timestamp="2025-09-18T10:11:43 IST" skipped="0">
  <testcase classname="GenericOptimised.CreateProductModuleTest" name="createProductModuleTest" time="33.275"/>
</testsuite> <!-- GenericOptimised.CreateProductModuleTest -->
