<?xml version="1.0" encoding="UTF-8"?>
<!-- Generated by org.testng.reporters.JUnitReportReporter -->
<testsuite hostname="LAPTOP-KMP5RC6K" failures="0" tests="2" name="Mpractice.DataProviderEx2" time="0.016" errors="0" timestamp="2023-06-29T10:57:28 IST" skipped="0">
  <testcase classname="Mpractice.DataProviderEx2" name="bookTickets" time="0.007"/>
  <testcase classname="Mpractice.DataProviderEx2" name="bookTickets" time="0.009"/>
</testsuite> <!-- Mpractice.DataProviderEx2 -->
